<?xml version="1.0" encoding="UTF-8"?>
<!-- Generated by org.testng.reporters.JUnitReportReporter -->
<testsuite hostname="Rohit" failures="0" tests="1" name="testcase.Login" time="17.147" errors="0" timestamp="2024-09-14T18:45:08 IST" skipped="0">
  <testcase classname="testcase.Login" name="login" time="17.147"/>
  <system-out/>
</testsuite> <!-- testcase.Login -->
