<?xml version="1.0" encoding="UTF-8"?>
<!-- Generated by org.testng.reporters.JUnitReportReporter -->
<testsuite hostname="Rohit" failures="0" tests="1" name="testcase.CreateProjectNewEnterprise" time="16.203" errors="0" timestamp="2024-09-02T12:38:52 IST" skipped="0">
  <testcase classname="testcase.CreateProjectNewEnterprise" name="CreateNewProjectEnterprise" time="16.203"/>
</testsuite> <!-- testcase.CreateProjectNewEnterprise -->
